<?xml version="1.0" encoding="UTF-8"?>
<!-- Generated by org.testng.reporters.JUnitReportReporter -->
<testsuite hostname="SnigdhAlok" failures="0" tests="1" name="com.testScenarios.TestScenario_LetsCodeIt" time="10.797" errors="0" timestamp="2022-07-19T11:39:18 IST" skipped="0">
  <testcase classname="com.testScenarios.TestScenario_LetsCodeIt" name="Test1" time="10.797"/>
  <system-out/>
</testsuite> <!-- com.testScenarios.TestScenario_LetsCodeIt -->
