<?xml version="1.0" encoding="UTF-8"?>
<!-- Generated by org.testng.reporters.JUnitReportReporter -->
<testsuite hostname="SnigdhAlok" failures="0" tests="1" name="com.testScenarios.TestScenarios_MMT" time="41.941" errors="0" timestamp="2022-07-19T10:30:05 IST" skipped="0">
  <testcase classname="com.testScenarios.TestScenarios_MMT" name="Test2" time="41.941"/>
  <system-out/>
</testsuite> <!-- com.testScenarios.TestScenarios_MMT -->
