<?xml version="1.0" encoding="UTF-8"?>
<!-- Generated by org.testng.reporters.JUnitReportReporter -->
<testsuite hostname="SnigdhAlok" failures="0" tests="1" name="com.testScenarios.TestScenarios_MMT" time="42.063" errors="0" timestamp="2022-07-19T12:05:53 IST" skipped="0">
  <testcase classname="com.testScenarios.TestScenarios_MMT" name="Test2" time="42.063"/>
  <system-out/>
</testsuite> <!-- com.testScenarios.TestScenarios_MMT -->
